Microsoft HTML Help Compiler 4.74.8702

Compiling c:\FREELA~1\HELPMA~1\output\Bixera\bixer_tmphhp\bixer.chm

table-of-contents.html
ExternalAppointment.html
Calendar.html
customer.html
view-customers.html
add-a-registered-customer.html
edit-a-customer.html
edit-customer-contact.html
deleting-a-registered-customer.html
complaints.html
add-an-unregistered-customer.html
unregistered-cust-contact-tab.html
linking-user.html
adding-subscription-for-an-active-customer.html
creating-filters.html
terminating-an-active-customer.html
viewing-subscribers.html
adding-subscriptions.html
defining-discounts-for-subscriptions.html
defining-fees-for-subscriptions.html
defining-rules-for-subscriptions.html
managing-subscriptions.html
adding-subscribers.html
modifying-subscriber-details.html
adding-filters-for-subscribers.html
viewing-subscription-applications.html
adding-filters-for-subscription-applications.html
adding-complaints.html
filtering-complaints.html
subscribing-for-a-course.html
applying-for-subscription.html
subscribed-successfully.html
bixer.hhc
bixer.hhk
EditaCustomer.html
table-of-contentsb1.PNG
table-of-contentsb2.PNG
table-of-contentsb3.PNG
table-of-contentsb4.PNG
table-of-contentsb5.PNG
view-customersb1.JPG
view-customersb2.JPG
view-customersb3.JPG
view-customersb4.JPG
view-customersb5.JPG
view-customersb6.JPG
view-customersb7.JPG
view-customersb8.JPG
view-customersb9.JPG
view-customersb10.JPG
view-customersb11.JPG
view-customersb12.JPG
view-customersb13.JPG
add-a-registered-customerb1.JPG
add-a-registered-customerb2.JPG
edit-a-customerb1.JPG
edit-a-customerb2.JPG
edit-a-customerb3.JPG
edit-a-customerb4.JPG
edit-customer-contactb1.JPG
edit-customer-contactb2.JPG
edit-customer-contactb3.JPG
edit-customer-contactb4.JPG
edit-customer-contactb5.JPG
edit-customer-contactb6.JPG
edit-customer-contactb7.JPG
edit-customer-contactb8.JPG
edit-customer-contactb9.JPG
edit-customer-contactb10.JPG
edit-customer-contactb11.JPG
deleting-a-registered-customerb1.JPG
deleting-a-registered-customerb2.JPG
complaintsb1.JPG
complaintsb2.JPG
complaintsb3.JPG
complaintsb4.JPG
complaintsb5.JPG
complaintsb6.JPG
complaintsb7.JPG
complaintsb8.JPG
complaintsb9.JPG
complaintsb10.JPG
complaintsb11.JPG
complaintsb12.JPG
complaintsb13.JPG
complaintsb14.JPG
add-an-unregistered-customerb1.JPG
add-an-unregistered-customerb2.JPG
add-an-unregistered-customerb3.JPG
add-an-unregistered-customerb4.JPG
unregistered-cust-contact-tabb1.JPG
unregistered-cust-contact-tabb2.JPG
unregistered-cust-contact-tabb3.JPG
unregistered-cust-contact-tabb4.JPG
unregistered-cust-contact-tabb5.JPG
unregistered-cust-contact-tabb6.JPG
unregistered-cust-contact-tabb7.JPG
unregistered-cust-contact-tabb8.JPG
unregistered-cust-contact-tabb9.JPG
unregistered-cust-contact-tabb10.JPG
unregistered-cust-contact-tabb11.JPG
linking-userb1.JPG
linking-userb2.JPG
adding-subscription-for-an-active-customerb1.JPG
adding-subscription-for-an-active-customerb2.JPG
creating-filtersb1.JPG
creating-filtersb2.JPG
creating-filtersb3.JPG
terminating-an-active-customerb1.JPG
terminating-an-active-customerb2.JPG
viewing-subscribersb1.JPG
viewing-subscribersb2.JPG
viewing-subscribersb3.JPG
viewing-subscribersb4.JPG
viewing-subscribersb5.JPG
viewing-subscribersb6.JPG
viewing-subscribersb7.JPG
viewing-subscribersb8.JPG
viewing-subscribersb9.JPG
adding-subscriptionsb1.JPG
adding-subscriptionsb2.JPG
adding-subscriptionsb3.JPG
defining-discounts-for-subscriptionsb1.JPG
defining-discounts-for-subscriptionsb2.JPG
defining-discounts-for-subscriptionsb3.JPG
defining-fees-for-subscriptionsb1.JPG
defining-fees-for-subscriptionsb2.JPG
defining-fees-for-subscriptionsb3.JPG
defining-rules-for-subscriptionsb1.JPG
defining-rules-for-subscriptionsb2.JPG
defining-rules-for-subscriptionsb3.JPG
managing-subscriptionsb1.JPG
managing-subscriptionsb2.JPG
managing-subscriptionsb3.JPG
managing-subscriptionsb4.JPG
managing-subscriptionsb5.JPG
managing-subscriptionsb6.JPG
managing-subscriptionsb7.JPG
managing-subscriptionsb8.JPG
managing-subscriptionsb9.JPG
managing-subscriptionsb10.JPG
managing-subscriptionsb11.JPG
managing-subscriptionsb12.JPG
managing-subscriptionsb13.JPG
adding-subscribersb1.JPG
adding-subscribersb2.JPG
modifying-subscriber-detailsb1.JPG
modifying-subscriber-detailsb2.JPG
modifying-subscriber-detailsb3.JPG
modifying-subscriber-detailsb4.JPG
adding-filters-for-subscribersb1.JPG
adding-filters-for-subscribersb2.JPG
adding-filters-for-subscribersb3.JPG
viewing-subscription-applicationsb1.JPG
viewing-subscription-applicationsb2.JPG
viewing-subscription-applicationsb3.JPG
viewing-subscription-applicationsb4.JPG
viewing-subscription-applicationsb5.JPG
adding-filters-for-subscription-applicationsb1.JPG
adding-filters-for-subscription-applicationsb2.JPG
adding-filters-for-subscription-applicationsb3.JPG
adding-complaintsb1.JPG
adding-complaintsb2.JPG
adding-complaintsb3.JPG
filtering-complaintsb1.JPG
filtering-complaintsb2.JPG
filtering-complaintsb3.JPG
subscribing-for-a-courseb1.JPG
subscribing-for-a-courseb2.JPG
applying-for-subscriptionb1.JPG
applying-for-subscriptionb2.JPG
EditaCustomerb1.JPG
EditaCustomerb2.JPG
EditaCustomerb3.JPG
EditaCustomerb4.JPG
hm.css


The following files were not compiled:
